2018-12-23 12:04:08.723  INFO 9628 --- [main] c.d.r.ReadinglistApplication             : Starting ReadinglistApplication on DongRMBP.local with PID 9628 (/Users/dong/Projects/Java/shopping-management-system-master/3/readinglist/target/classes started by dong in /Users/dong/Projects/Java/shopping-management-system-master/3/readinglist)
2018-12-23 12:04:08.731  INFO 9628 --- [main] c.d.r.ReadinglistApplication             : The following profiles are active: production
2018-12-23 12:04:09.414  INFO 9628 --- [main] .s.d.r.c.RepositoryConfigurationDelegate : Bootstrapping Spring Data repositories in DEFAULT mode.
2018-12-23 12:04:09.488  INFO 9628 --- [main] .s.d.r.c.RepositoryConfigurationDelegate : Finished Spring Data repository scanning in 68ms. Found 2 repository interfaces.
2018-12-23 12:04:09.863  INFO 9628 --- [main] trationDelegate$BeanPostProcessorChecker : Bean 'org.springframework.transaction.annotation.ProxyTransactionManagementConfiguration' of type [org.springframework.transaction.annotation.ProxyTransactionManagementConfiguration$$EnhancerBySpringCGLIB$$bbae3f60] is not eligible for getting processed by all BeanPostProcessors (for example: not eligible for auto-proxying)
2018-12-23 12:04:10.303  INFO 9628 --- [main] o.s.b.w.e.t.TomcatWebServer              : Tomcat initialized with port(s): 8081 (http)
2018-12-23 12:04:10.338  INFO 9628 --- [main] o.a.c.c.StandardService                  : Starting service [Tomcat]
2018-12-23 12:04:10.339  INFO 9628 --- [main] o.a.c.c.StandardEngine                   : Starting Servlet Engine: Apache Tomcat/9.0.13
2018-12-23 12:04:10.351  INFO 9628 --- [main] o.a.c.c.AprLifecycleListener             : The APR based Apache Tomcat Native library which allows optimal performance in production environments was not found on the java.library.path: [/Users/dong/Library/Java/Extensions:/Library/Java/Extensions:/Network/Library/Java/Extensions:/System/Library/Java/Extensions:/usr/lib/java:.]
2018-12-23 12:04:10.487  INFO 9628 --- [main] o.a.c.c.C.[.[.[/]                        : Initializing Spring embedded WebApplicationContext
2018-12-23 12:04:10.487  INFO 9628 --- [main] o.s.w.c.ContextLoader                    : Root WebApplicationContext: initialization completed in 1716 ms
2018-12-23 12:04:10.754  INFO 9628 --- [main] c.z.h.HikariDataSource                   : HikariPool-1 - Starting...
2018-12-23 12:04:10.911  INFO 9628 --- [main] c.z.h.HikariDataSource                   : HikariPool-1 - Start completed.
2018-12-23 12:04:10.973  INFO 9628 --- [main] o.h.j.i.u.LogHelper                      : HHH000204: Processing PersistenceUnitInfo [
	name: default
	...]
2018-12-23 12:04:11.079  INFO 9628 --- [main] o.h.Version                              : HHH000412: Hibernate Core {5.3.7.Final}
2018-12-23 12:04:11.080  INFO 9628 --- [main] o.h.c.Environment                        : HHH000206: hibernate.properties not found
2018-12-23 12:04:11.300  INFO 9628 --- [main] o.h.a.c.Version                          : HCANN000001: Hibernate Commons Annotations {5.0.4.Final}
2018-12-23 12:04:11.483  INFO 9628 --- [main] o.h.d.Dialect                            : HHH000400: Using dialect: org.hibernate.dialect.H2Dialect
2018-12-23 12:04:12.253  INFO 9628 --- [main] o.h.t.s.i.SchemaCreatorImpl              : HHH000476: Executing import script 'org.hibernate.tool.schema.internal.exec.ScriptSourceInputNonExistentImpl@58dad04a'
2018-12-23 12:04:12.257  INFO 9628 --- [main] j.LocalContainerEntityManagerFactoryBean : Initialized JPA EntityManagerFactory for persistence unit 'default'
2018-12-23 12:04:12.859  INFO 9628 --- [main] o.s.s.c.ThreadPoolTaskExecutor           : Initializing ExecutorService 'applicationTaskExecutor'
2018-12-23 12:04:12.893  WARN 9628 --- [main] aWebConfiguration$JpaWebMvcConfiguration : spring.jpa.open-in-view is enabled by default. Therefore, database queries may be performed during view rendering. Explicitly configure spring.jpa.open-in-view to disable this warning
2018-12-23 12:04:13.135  INFO 9628 --- [main] o.s.b.w.e.t.TomcatWebServer              : Tomcat started on port(s): 8081 (http) with context path ''
2018-12-23 12:04:13.140  INFO 9628 --- [main] c.d.r.ReadinglistApplication             : Started ReadinglistApplication in 5.161 seconds (JVM running for 6.538)
2018-12-23 12:04:16.815  INFO 9628 --- [Thread-14] o.s.s.c.ThreadPoolTaskExecutor           : Shutting down ExecutorService 'applicationTaskExecutor'
2018-12-23 12:04:16.818  INFO 9628 --- [Thread-14] j.LocalContainerEntityManagerFactoryBean : Closing JPA EntityManagerFactory for persistence unit 'default'
2018-12-23 12:04:16.819  INFO 9628 --- [Thread-14] .SchemaDropperImpl$DelayedDropActionImpl : HHH000477: Starting delayed evictData of schema as part of SessionFactory shut-down'
2018-12-23 12:04:16.828  INFO 9628 --- [Thread-14] c.z.h.HikariDataSource                   : HikariPool-1 - Shutdown initiated...
2018-12-23 12:04:16.830  INFO 9628 --- [Thread-14] c.z.h.HikariDataSource                   : HikariPool-1 - Shutdown completed.
